<?xml version="1.0" encoding="utf-8"?><testsuites name="pytest tests"><testsuite name="pytest" errors="0" failures="0" skipped="0" tests="23" time="3.320" timestamp="2026-07-17T13:59:04.711102+00:00" hostname="agent-env-386ffdf8-3d1f-489f-bc17-0bf8c77b7db1"><testcase classname="backend.tests.test_cl_panel.TestBootstrap" name="test_cl_login" time="0.339" /><testcase classname="backend.tests.test_cl_panel.TestBootstrap" name="test_admin_login" time="0.145" /><testcase classname="backend.tests.test_cl_panel.TestBootstrap" name="test_customer_login" time="0.117" /><testcase classname="backend.tests.test_cl_panel.TestBootstrap" name="test_get_product" time="0.069" /><testcase classname="backend.tests.test_cl_panel.TestClMe" name="test_me_success" time="0.051" /><testcase classname="backend.tests.test_cl_panel.TestClMe" name="test_me_no_token" time="0.050" /><testcase classname="backend.tests.test_cl_panel.TestClMe" name="test_me_rejects_admin_token" time="0.050" /><testcase classname="backend.tests.test_cl_panel.TestClMe" name="test_me_rejects_customer_token" time="0.049" /><testcase classname="backend.tests.test_cl_panel.TestClUpdateProfile" name="test_update_bank_details_persists" time="0.117" /><testcase classname="backend.tests.test_cl_panel.TestClUpdateProfile" name="test_partial_bank_update_merges" time="0.069" /><testcase classname="backend.tests.test_cl_panel.TestClUpdateProfile" name="test_update_no_token" time="0.056" /><testcase classname="backend.tests.test_cl_panel.TestClChangePassword" name="test_wrong_old_password_400" time="0.134" /><testcase classname="backend.tests.test_cl_panel.TestClChangePassword" name="test_short_new_password_400" time="0.056" /><testcase classname="backend.tests.test_cl_panel.TestClChangePassword" name="test_missing_fields_400" time="0.055" /><testcase classname="backend.tests.test_cl_panel.TestClChangePassword" name="test_full_password_change_flow_and_revert" time="0.864" /><testcase classname="backend.tests.test_cl_panel.TestClEarnings" name="test_earnings_structure" time="0.059" /><testcase classname="backend.tests.test_cl_panel.TestClEarnings" name="test_earnings_alltime_equals_totalcommission" time="0.135" /><testcase classname="backend.tests.test_cl_panel.TestClEarnings" name="test_earnings_no_token" time="0.053" /><testcase classname="backend.tests.test_cl_panel.TestClRegression" name="test_cl_dashboard" time="0.077" /><testcase classname="backend.tests.test_cl_panel.TestClRegression" name="test_place_cl_order_and_deliver_credits_commission" time="0.238" /><testcase classname="backend.tests.test_cl_panel.TestClRegression" name="test_earnings_history_includes_new_order" time="0.058" /><testcase classname="backend.tests.test_cl_panel.TestClRegression" name="test_double_deliver_idempotent" time="0.169" /><testcase classname="backend.tests.test_cl_panel" name="test_final_password_still_default" time="0.187" /></testsuite></testsuites>