<?xml version="1.0" encoding="utf-8"?><testsuites name="pytest tests"><testsuite name="pytest" errors="0" failures="0" skipped="0" tests="103" time="22.885" timestamp="2026-07-17T20:23:46.724235+00:00" hostname="agent-env-386ffdf8-3d1f-489f-bc17-0bf8c77b7db1"><testcase classname="backend.tests.backend_test.TestHealth" name="test_health" time="0.185" /><testcase classname="backend.tests.backend_test.TestCustomerAuth" name="test_send_otp" time="0.073" /><testcase classname="backend.tests.backend_test.TestCustomerAuth" name="test_verify_otp" time="0.060" /><testcase classname="backend.tests.backend_test.TestCustomerAuth" name="test_me" time="0.048" /><testcase classname="backend.tests.backend_test.TestCustomerAuth" name="test_update_profile" time="0.052" /><testcase classname="backend.tests.backend_test.TestCustomerAuth" name="test_add_address" time="0.056" /><testcase classname="backend.tests.backend_test.TestCustomerAuth" name="test_unauthorized_me" time="0.056" /><testcase classname="backend.tests.backend_test.TestAdminAuth" name="test_admin_login" time="0.127" /><testcase classname="backend.tests.backend_test.TestAdminAuth" name="test_admin_me" time="0.050" /><testcase classname="backend.tests.backend_test.TestCLAuth" name="test_cl_register" time="0.131" /><testcase classname="backend.tests.backend_test.TestCLAuth" name="test_cl_login" time="0.122" /><testcase classname="backend.tests.backend_test.TestCLAuth" name="test_cl_validate_code" time="0.049" /><testcase classname="backend.tests.backend_test.TestCatalog" name="test_list_products" time="0.054" /><testcase classname="backend.tests.backend_test.TestCatalog" name="test_filter_category" time="0.057" /><testcase classname="backend.tests.backend_test.TestCatalog" name="test_search_mango" time="0.049" /><testcase classname="backend.tests.backend_test.TestCatalog" name="test_express_filter" time="0.053" /><testcase classname="backend.tests.backend_test.TestCatalog" name="test_get_product" time="0.051" /><testcase classname="backend.tests.backend_test.TestCatalog" name="test_categories" time="0.048" /><testcase classname="backend.tests.backend_test.TestCatalog" name="test_pickup_points" time="0.059" /><testcase classname="backend.tests.backend_test.TestHomeDelivery" name="test_home_delivery_below_threshold" time="0.198" /><testcase classname="backend.tests.backend_test.TestHomeDelivery" name="test_home_delivery_express_slot" time="0.057" /><testcase classname="backend.tests.backend_test.TestHomeDelivery" name="test_home_delivery_with_cl_code" time="0.056" /><testcase classname="backend.tests.backend_test.TestExpressPickup" name="test_express_pickup" time="0.059" /><testcase classname="backend.tests.backend_test.TestCLOrders" name="test_cl_order" time="0.054" /><testcase classname="backend.tests.backend_test.TestCLOrders" name="test_cl_bulk" time="0.057" /><testcase classname="backend.tests.backend_test.TestCLOrders" name="test_reject_customer_token_on_cl_route" time="0.047" /><testcase classname="backend.tests.backend_test.TestCustomerOrderQueries" name="test_list_orders" time="0.061" /><testcase classname="backend.tests.backend_test.TestCustomerOrderQueries" name="test_get_order" time="0.049" /><testcase classname="backend.tests.backend_test.TestCustomerOrderQueries" name="test_pending_rating" time="0.049" /><testcase classname="backend.tests.backend_test.TestLiveTracking" name="test_start_tracking" time="0.119" /><testcase classname="backend.tests.backend_test.TestLiveTracking" name="test_location_update" time="0.052" /><testcase classname="backend.tests.backend_test.TestLiveTracking" name="test_arrived" time="0.062" /><testcase classname="backend.tests.backend_test.TestLiveTracking" name="test_collected_admin" time="0.052" /><testcase classname="backend.tests.backend_test.TestCoins" name="test_balance" time="0.053" /><testcase classname="backend.tests.backend_test.TestCoins" name="test_history" time="0.054" /><testcase classname="backend.tests.backend_test.TestCoins" name="test_validate_cl" time="0.049" /><testcase classname="backend.tests.backend_test.TestWallet" name="test_wallet" time="0.055" /><testcase classname="backend.tests.backend_test.TestWallet" name="test_admin_credit_wallet" time="0.058" /><testcase classname="backend.tests.backend_test.TestCLDashboard" name="test_dashboard" time="0.052" /><testcase classname="backend.tests.backend_test.TestCLDashboard" name="test_orders" time="0.058" /><testcase classname="backend.tests.backend_test.TestCLDashboard" name="test_mark_delivered" time="0.056" /><testcase classname="backend.tests.backend_test.TestAdmin" name="test_dashboard" time="0.050" /><testcase classname="backend.tests.backend_test.TestAdmin" name="test_orders_filter" time="0.053" /><testcase classname="backend.tests.backend_test.TestAdmin" name="test_update_order_status" time="0.052" /><testcase classname="backend.tests.backend_test.TestAdmin" name="test_list_users" time="0.051" /><testcase classname="backend.tests.backend_test.TestAdmin" name="test_get_user" time="0.059" /><testcase classname="backend.tests.backend_test.TestAdmin" name="test_credit_user_wallet" time="0.054" /><testcase classname="backend.tests.backend_test.TestAdmin" name="test_list_cls" time="0.048" /><testcase classname="backend.tests.backend_test.TestAdmin" name="test_active_express_pickup" time="0.050" /><testcase classname="backend.tests.backend_test.TestAdmin" name="test_revenue_report" time="0.049" /><testcase classname="backend.tests.backend_test.TestAdmin" name="test_qr_analytics" time="0.046" /><testcase classname="backend.tests.backend_test.TestAdmin" name="test_reject_customer_token_on_admin_route" time="0.047" /><testcase classname="backend.tests.backend_test.TestAdminCRUD" name="test_create_category" time="0.053" /><testcase classname="backend.tests.backend_test.TestAdminCRUD" name="test_update_category" time="0.049" /><testcase classname="backend.tests.backend_test.TestAdminCRUD" name="test_create_product" time="0.054" /><testcase classname="backend.tests.backend_test.TestAdminCRUD" name="test_update_product" time="0.050" /><testcase classname="backend.tests.backend_test.TestAdminCRUD" name="test_delete_product" time="0.047" /><testcase classname="backend.tests.backend_test.TestAdminCRUD" name="test_list_pickup" time="0.046" /><testcase classname="backend.tests.backend_test.TestAdminCRUD" name="test_create_pickup" time="0.052" /><testcase classname="backend.tests.backend_test.TestAdminCRUD" name="test_update_pickup" time="0.072" /><testcase classname="backend.tests.backend_test.TestPayment" name="test_create_order" time="0.048" /><testcase classname="backend.tests.backend_test.TestPayment" name="test_verify" time="0.048" /><testcase classname="backend.tests.backend_test.TestQR" name="test_track" time="0.049" /><testcase classname="backend.tests.backend_test.TestRating" name="test_rate_delivered_order" time="0.145" /><testcase classname="backend.tests.backend_test.TestRating" name="test_skip_rating" time="0.158" /><testcase classname="backend.tests.test_cl_panel.TestBootstrap" name="test_cl_login" time="0.356" /><testcase classname="backend.tests.test_cl_panel.TestBootstrap" name="test_admin_login" time="0.398" /><testcase classname="backend.tests.test_cl_panel.TestBootstrap" name="test_customer_login" time="0.127" /><testcase classname="backend.tests.test_cl_panel.TestBootstrap" name="test_get_product" time="0.071" /><testcase classname="backend.tests.test_cl_panel.TestClMe" name="test_me_success" time="0.067" /><testcase classname="backend.tests.test_cl_panel.TestClMe" name="test_me_no_token" time="0.058" /><testcase classname="backend.tests.test_cl_panel.TestClMe" name="test_me_rejects_admin_token" time="0.062" /><testcase classname="backend.tests.test_cl_panel.TestClMe" name="test_me_rejects_customer_token" time="0.065" /><testcase classname="backend.tests.test_cl_panel.TestClUpdateProfile" name="test_update_bank_details_persists" time="0.134" /><testcase classname="backend.tests.test_cl_panel.TestClUpdateProfile" name="test_partial_bank_update_merges" time="0.063" /><testcase classname="backend.tests.test_cl_panel.TestClUpdateProfile" name="test_update_no_token" time="0.065" /><testcase classname="backend.tests.test_cl_panel.TestClChangePassword" name="test_wrong_old_password_400" time="0.139" /><testcase classname="backend.tests.test_cl_panel.TestClChangePassword" name="test_short_new_password_400" time="0.063" /><testcase classname="backend.tests.test_cl_panel.TestClChangePassword" name="test_missing_fields_400" time="0.061" /><testcase classname="backend.tests.test_cl_panel.TestClChangePassword" name="test_full_password_change_flow_and_revert" time="0.840" /><testcase classname="backend.tests.test_cl_panel.TestClEarnings" name="test_earnings_structure" time="0.066" /><testcase classname="backend.tests.test_cl_panel.TestClEarnings" name="test_earnings_alltime_equals_totalcommission" time="0.140" /><testcase classname="backend.tests.test_cl_panel.TestClEarnings" name="test_earnings_no_token" time="0.075" /><testcase classname="backend.tests.test_cl_panel.TestClRegression" name="test_cl_dashboard" time="0.097" /><testcase classname="backend.tests.test_cl_panel.TestClRegression" name="test_place_cl_order_and_deliver_credits_commission" time="0.276" /><testcase classname="backend.tests.test_cl_panel.TestClRegression" name="test_earnings_history_includes_new_order" time="0.067" /><testcase classname="backend.tests.test_cl_panel.TestClRegression" name="test_double_deliver_idempotent" time="0.204" /><testcase classname="backend.tests.test_cl_panel" name="test_final_password_still_default" time="0.211" /><testcase classname="backend.tests.test_referral_and_stream.TestReferralBasics" name="test_get_my_referral_code" time="0.302" /><testcase classname="backend.tests.test_referral_and_stream.TestReferralBasics" name="test_referral_code_stable_on_second_call" time="0.075" /><testcase classname="backend.tests.test_referral_and_stream.TestReferralBasics" name="test_apply_missing_code" time="0.071" /><testcase classname="backend.tests.test_referral_and_stream.TestReferralBasics" name="test_cannot_apply_own_code" time="0.073" /><testcase classname="backend.tests.test_referral_and_stream.TestReferralBasics" name="test_invalid_code_rejected" time="0.220" /><testcase classname="backend.tests.test_referral_and_stream.TestReferralBasics" name="test_apply_valid_code" time="0.075" /><testcase classname="backend.tests.test_referral_and_stream.TestReferralBasics" name="test_cannot_apply_twice" time="0.070" /><testcase classname="backend.tests.test_referral_and_stream.TestReferralBasics" name="test_referrer_stats_updated" time="0.233" /><testcase classname="backend.tests.test_referral_and_stream.TestReferralRewardFlow" name="test_reward_flow_end_to_end" time="2.118" /><testcase classname="backend.tests.test_referral_and_stream.TestReferralRewardFlow" name="test_cannot_apply_after_first_order" time="0.638" /><testcase classname="backend.tests.test_referral_and_stream.TestSSEUnauthorized" name="test_customer_stream_no_token" time="0.089" /><testcase classname="backend.tests.test_referral_and_stream.TestSSEUnauthorized" name="test_customer_stream_bad_token" time="0.075" /><testcase classname="backend.tests.test_referral_and_stream.TestSSEUnauthorized" name="test_admin_stream_no_token" time="0.073" /><testcase classname="backend.tests.test_referral_and_stream.TestSSEUnauthorized" name="test_admin_stream_wrong_token" time="0.214" /><testcase classname="backend.tests.test_referral_and_stream.TestSSECustomerAndAdminEvents" name="test_customer_order_stream_snapshot_and_location" time="10.463" /></testsuite></testsuites>