<?xml version="1.0" encoding="utf-8"?><testsuites name="pytest tests"><testsuite name="pytest" errors="0" failures="1" skipped="0" tests="15" time="14.202" timestamp="2026-07-17T13:30:45.780643+00:00" hostname="agent-env-386ffdf8-3d1f-489f-bc17-0bf8c77b7db1"><testcase classname="backend.tests.test_referral_and_stream.TestReferralBasics" name="test_get_my_referral_code" time="0.521" /><testcase classname="backend.tests.test_referral_and_stream.TestReferralBasics" name="test_referral_code_stable_on_second_call" time="0.051" /><testcase classname="backend.tests.test_referral_and_stream.TestReferralBasics" name="test_apply_missing_code" time="0.048" /><testcase classname="backend.tests.test_referral_and_stream.TestReferralBasics" name="test_cannot_apply_own_code" time="0.049" /><testcase classname="backend.tests.test_referral_and_stream.TestReferralBasics" name="test_invalid_code_rejected" time="0.151" /><testcase classname="backend.tests.test_referral_and_stream.TestReferralBasics" name="test_apply_valid_code" time="0.054" /><testcase classname="backend.tests.test_referral_and_stream.TestReferralBasics" name="test_cannot_apply_twice" time="0.055" /><testcase classname="backend.tests.test_referral_and_stream.TestReferralBasics" name="test_referrer_stats_updated" time="0.253" /><testcase classname="backend.tests.test_referral_and_stream.TestReferralRewardFlow" name="test_reward_flow_end_to_end" time="1.786" /><testcase classname="backend.tests.test_referral_and_stream.TestReferralRewardFlow" name="test_cannot_apply_after_first_order" time="0.422" /><testcase classname="backend.tests.test_referral_and_stream.TestSSEUnauthorized" name="test_customer_stream_no_token" time="0.051" /><testcase classname="backend.tests.test_referral_and_stream.TestSSEUnauthorized" name="test_customer_stream_bad_token" time="0.043" /><testcase classname="backend.tests.test_referral_and_stream.TestSSEUnauthorized" name="test_admin_stream_no_token" time="0.044" /><testcase classname="backend.tests.test_referral_and_stream.TestSSEUnauthorized" name="test_admin_stream_wrong_token" time="0.147" /><testcase classname="backend.tests.test_referral_and_stream.TestSSECustomerAndAdminEvents" name="test_customer_order_stream_snapshot_and_location" time="10.373"><failure message="AssertionError: customer stream status: {}&#10;assert None == 200&#10; +  where None = &lt;built-in method get of dict object at 0xfdd9411cc580&gt;('status')&#10; +    where &lt;built-in method get of dict object at 0xfdd9411cc580&gt; = {}.get">backend/tests/test_referral_and_stream.py:364: in test_customer_order_stream_snapshot_and_location
    assert result_c.get("status") == 200, f"customer stream status: {result_c}"
E   AssertionError: customer stream status: {}
E   assert None == 200
E    +  where None = &lt;built-in method get of dict object at 0xfdd9411cc580&gt;('status')
E    +    where &lt;built-in method get of dict object at 0xfdd9411cc580&gt; = {}.get</failure></testcase></testsuite></testsuites>