<?xml version="1.0" encoding="utf-8"?><testsuites name="pytest tests"><testsuite name="pytest" errors="0" failures="0" skipped="0" tests="65" time="3.651" timestamp="2026-07-16T08:40:03.285041+00:00" hostname="agent-env-386ffdf8-3d1f-489f-bc17-0bf8c77b7db1"><testcase classname="backend.tests.backend_test.TestHealth" name="test_health" time="0.145" /><testcase classname="backend.tests.backend_test.TestCustomerAuth" name="test_send_otp" time="0.041" /><testcase classname="backend.tests.backend_test.TestCustomerAuth" name="test_verify_otp" time="0.046" /><testcase classname="backend.tests.backend_test.TestCustomerAuth" name="test_me" time="0.043" /><testcase classname="backend.tests.backend_test.TestCustomerAuth" name="test_update_profile" time="0.042" /><testcase classname="backend.tests.backend_test.TestCustomerAuth" name="test_add_address" time="0.047" /><testcase classname="backend.tests.backend_test.TestCustomerAuth" name="test_unauthorized_me" time="0.039" /><testcase classname="backend.tests.backend_test.TestAdminAuth" name="test_admin_login" time="0.118" /><testcase classname="backend.tests.backend_test.TestAdminAuth" name="test_admin_me" time="0.045" /><testcase classname="backend.tests.backend_test.TestCLAuth" name="test_cl_register" time="0.121" /><testcase classname="backend.tests.backend_test.TestCLAuth" name="test_cl_login" time="0.114" /><testcase classname="backend.tests.backend_test.TestCLAuth" name="test_cl_validate_code" time="0.042" /><testcase classname="backend.tests.backend_test.TestCatalog" name="test_list_products" time="0.046" /><testcase classname="backend.tests.backend_test.TestCatalog" name="test_filter_category" time="0.046" /><testcase classname="backend.tests.backend_test.TestCatalog" name="test_search_mango" time="0.043" /><testcase classname="backend.tests.backend_test.TestCatalog" name="test_express_filter" time="0.044" /><testcase classname="backend.tests.backend_test.TestCatalog" name="test_get_product" time="0.041" /><testcase classname="backend.tests.backend_test.TestCatalog" name="test_categories" time="0.041" /><testcase classname="backend.tests.backend_test.TestCatalog" name="test_pickup_points" time="0.040" /><testcase classname="backend.tests.backend_test.TestHomeDelivery" name="test_home_delivery_below_threshold" time="0.090" /><testcase classname="backend.tests.backend_test.TestHomeDelivery" name="test_home_delivery_express_slot" time="0.045" /><testcase classname="backend.tests.backend_test.TestHomeDelivery" name="test_home_delivery_with_cl_code" time="0.046" /><testcase classname="backend.tests.backend_test.TestExpressPickup" name="test_express_pickup" time="0.047" /><testcase classname="backend.tests.backend_test.TestCLOrders" name="test_cl_order" time="0.046" /><testcase classname="backend.tests.backend_test.TestCLOrders" name="test_cl_bulk" time="0.047" /><testcase classname="backend.tests.backend_test.TestCLOrders" name="test_reject_customer_token_on_cl_route" time="0.040" /><testcase classname="backend.tests.backend_test.TestCustomerOrderQueries" name="test_list_orders" time="0.050" /><testcase classname="backend.tests.backend_test.TestCustomerOrderQueries" name="test_get_order" time="0.040" /><testcase classname="backend.tests.backend_test.TestCustomerOrderQueries" name="test_pending_rating" time="0.043" /><testcase classname="backend.tests.backend_test.TestLiveTracking" name="test_start_tracking" time="0.045" /><testcase classname="backend.tests.backend_test.TestLiveTracking" name="test_location_update" time="0.068" /><testcase classname="backend.tests.backend_test.TestLiveTracking" name="test_arrived" time="0.046" /><testcase classname="backend.tests.backend_test.TestLiveTracking" name="test_collected_admin" time="0.044" /><testcase classname="backend.tests.backend_test.TestCoins" name="test_balance" time="0.041" /><testcase classname="backend.tests.backend_test.TestCoins" name="test_history" time="0.041" /><testcase classname="backend.tests.backend_test.TestCoins" name="test_validate_cl" time="0.042" /><testcase classname="backend.tests.backend_test.TestWallet" name="test_wallet" time="0.043" /><testcase classname="backend.tests.backend_test.TestWallet" name="test_admin_credit_wallet" time="0.052" /><testcase classname="backend.tests.backend_test.TestCLDashboard" name="test_dashboard" time="0.048" /><testcase classname="backend.tests.backend_test.TestCLDashboard" name="test_orders" time="0.047" /><testcase classname="backend.tests.backend_test.TestCLDashboard" name="test_mark_delivered" time="0.048" /><testcase classname="backend.tests.backend_test.TestAdmin" name="test_dashboard" time="0.044" /><testcase classname="backend.tests.backend_test.TestAdmin" name="test_orders_filter" time="0.048" /><testcase classname="backend.tests.backend_test.TestAdmin" name="test_update_order_status" time="0.047" /><testcase classname="backend.tests.backend_test.TestAdmin" name="test_list_users" time="0.043" /><testcase classname="backend.tests.backend_test.TestAdmin" name="test_get_user" time="0.051" /><testcase classname="backend.tests.backend_test.TestAdmin" name="test_credit_user_wallet" time="0.047" /><testcase classname="backend.tests.backend_test.TestAdmin" name="test_list_cls" time="0.043" /><testcase classname="backend.tests.backend_test.TestAdmin" name="test_active_express_pickup" time="0.042" /><testcase classname="backend.tests.backend_test.TestAdmin" name="test_revenue_report" time="0.043" /><testcase classname="backend.tests.backend_test.TestAdmin" name="test_qr_analytics" time="0.042" /><testcase classname="backend.tests.backend_test.TestAdmin" name="test_reject_customer_token_on_admin_route" time="0.038" /><testcase classname="backend.tests.backend_test.TestAdminCRUD" name="test_create_category" time="0.042" /><testcase classname="backend.tests.backend_test.TestAdminCRUD" name="test_update_category" time="0.043" /><testcase classname="backend.tests.backend_test.TestAdminCRUD" name="test_create_product" time="0.045" /><testcase classname="backend.tests.backend_test.TestAdminCRUD" name="test_update_product" time="0.043" /><testcase classname="backend.tests.backend_test.TestAdminCRUD" name="test_delete_product" time="0.040" /><testcase classname="backend.tests.backend_test.TestAdminCRUD" name="test_list_pickup" time="0.043" /><testcase classname="backend.tests.backend_test.TestAdminCRUD" name="test_create_pickup" time="0.045" /><testcase classname="backend.tests.backend_test.TestAdminCRUD" name="test_update_pickup" time="0.044" /><testcase classname="backend.tests.backend_test.TestPayment" name="test_create_order" time="0.042" /><testcase classname="backend.tests.backend_test.TestPayment" name="test_verify" time="0.047" /><testcase classname="backend.tests.backend_test.TestQR" name="test_track" time="0.041" /><testcase classname="backend.tests.backend_test.TestRating" name="test_rate_delivered_order" time="0.129" /><testcase classname="backend.tests.backend_test.TestRating" name="test_skip_rating" time="0.224" /></testsuite></testsuites>