<?xml version="1.0" encoding="utf-8"?><testsuites name="pytest tests"><testsuite name="pytest" errors="0" failures="0" skipped="0" tests="11" time="2.117" timestamp="2026-08-22T03:13:31.996092+00:00" hostname="agent-env-0ce98d0c-1a0a-4505-8e81-11376c72325e"><testcase classname="backend.tests.test_iteration10.TestAdminAuth" name="test_admin_login_success" time="0.231" /><testcase classname="backend.tests.test_iteration10.TestAdminAuth" name="test_admin_login_wrong_password" time="0.196" /><testcase classname="backend.tests.test_iteration10.TestAdminCLCreation" name="test_create_cl_success" time="0.366" /><testcase classname="backend.tests.test_iteration10.TestAdminCLCreation" name="test_create_cl_duplicate_email" time="0.110" /><testcase classname="backend.tests.test_iteration10.TestAdminCLCreation" name="test_create_cl_missing_fields" time="0.153" /><testcase classname="backend.tests.test_iteration10.TestAdminCLCreation" name="test_new_cl_can_login" time="0.381" /><testcase classname="backend.tests.test_iteration10.TestAdminCLCreation" name="test_list_cls" time="0.118" /><testcase classname="backend.tests.test_iteration10.TestProductsAPI" name="test_get_products_has_images_and_variants" time="0.124" /><testcase classname="backend.tests.test_iteration10.TestProductsAPI" name="test_product_images_not_empty" time="0.109" /><testcase classname="backend.tests.test_iteration10.TestOTPFlow" name="test_verify_otp_returns_real_jwt" time="0.100" /><testcase classname="backend.tests.test_iteration10.TestOTPFlow" name="test_send_otp" time="0.160" /></testsuite></testsuites>