<?xml version="1.0" encoding="utf-8"?><testsuites name="pytest tests"><testsuite name="pytest" errors="0" failures="0" skipped="0" tests="14" time="2.409" timestamp="2026-07-24T18:32:03.860812+00:00" hostname="agent-env-0ce98d0c-1a0a-4505-8e81-11376c72325e"><testcase classname="backend.tests.test_iter6.TestSendOtp" name="test_send_otp_demo_phone" time="0.233" /><testcase classname="backend.tests.test_iter6.TestSendOtp" name="test_send_otp_legacy_phone" time="0.176" /><testcase classname="backend.tests.test_iter6.TestSendOtp" name="test_send_otp_missing_phone" time="0.114" /><testcase classname="backend.tests.test_iter6.TestVerifyOtp" name="test_verify_demo_phone_otp" time="0.104" /><testcase classname="backend.tests.test_iter6.TestVerifyOtp" name="test_verify_legacy_mock" time="0.144" /><testcase classname="backend.tests.test_iter6.TestVerifyOtp" name="test_verify_firebase_token_returns_503" time="0.130" /><testcase classname="backend.tests.test_iter6.TestVerifyOtp" name="test_verify_missing_body_returns_400" time="0.130" /><testcase classname="backend.tests.test_iter6.TestVerifyOtp" name="test_verify_otp_only_no_phone_returns_400" time="0.132" /><testcase classname="backend.tests.test_iter6.TestTrackingEndpoints" name="test_start_tracking_requires_auth" time="0.132" /><testcase classname="backend.tests.test_iter6.TestTrackingEndpoints" name="test_location_update_requires_auth" time="0.151" /><testcase classname="backend.tests.test_iter6.TestTrackingEndpoints" name="test_arrived_requires_auth" time="0.109" /><testcase classname="backend.tests.test_iter6.TestTrackingEndpoints" name="test_start_tracking_with_auth_invalid_order" time="0.245" /><testcase classname="backend.tests.test_iter6.TestTrackingEndpoints" name="test_location_update_with_auth_invalid_order" time="0.249" /><testcase classname="backend.tests.test_iter6.TestTrackingEndpoints" name="test_arrived_with_auth_invalid_order" time="0.243" /></testsuite></testsuites>