<?xml version="1.0" encoding="utf-8"?><testsuites name="pytest tests"><testsuite name="pytest" errors="0" failures="0" skipped="0" tests="3" time="0.751" timestamp="2026-07-19T12:01:54.311093+00:00" hostname="agent-env-0ce98d0c-1a0a-4505-8e81-11376c72325e"><testcase classname="backend.tests.test_auth_otp.TestOTPAuth" name="test_send_otp" time="0.249" /><testcase classname="backend.tests.test_auth_otp.TestOTPAuth" name="test_verify_otp_returns_token_and_user" time="0.155" /><testcase classname="backend.tests.test_auth_otp.TestOTPAuth" name="test_get_me_with_token" time="0.246" /></testsuite></testsuites>